<Playlist>
<Preroll>
<Ad>
<![CDATA[ https://manmohantechcrumb.github.io/tags/tag4.xml?MACRO_SAME_NETWORK=[PF_MACRO_SAME_NETWORK]&description_url=[LOCATION_URL]&height=[AU_HEIGHT]&width=[AU_WIDTH]&meta_keywords=[META_KWD]&referer_url=[REFERRER_URL]&screen_width=[SCREEN_WIDTH]&screen_height=[SCREEN_HEIGHT]&cache_buster=[CACHE_BUSTER] ]]>
</Ad>
</Preroll>
</Playlist>
